  main.cpp
C:\Users\victo\OneDrive\Desktop\BP\New folder\Erosion\Erosion\grid.h(53,17): warning C4244: '=': conversion from 'T' to 'int', possible loss of data
          with
          [
              T=float
          ]
C:\Users\victo\OneDrive\Desktop\BP\New folder\Erosion\Erosion\grid.h(54,17): warning C4244: '=': conversion from 'T' to 'int', possible loss of data
          with
          [
              T=float
          ]
C:\Users\victo\OneDrive\Desktop\BP\New folder\Erosion\Erosion\grid.h(55,17): warning C4244: '=': conversion from 'T' to 'int', possible loss of data
          with
          [
              T=float
          ]
C:\Users\victo\OneDrive\Desktop\BP\New folder\Erosion\Erosion\shader.h(42,40): warning C4101: 'e': unreferenced local variable
C:\Users\victo\OneDrive\Desktop\BP\New folder\Erosion\Erosion\main.cpp(49,55): warning C4244: 'argument': conversion from 'double' to 'float', possible loss of data
C:\Users\victo\OneDrive\Desktop\BP\New folder\Erosion\Erosion\main.cpp(57,56): warning C4244: 'argument': conversion from 'double' to 'float', possible loss of data
C:\Users\victo\OneDrive\Desktop\BP\New folder\Erosion\Erosion\main.cpp(65,52): warning C4244: 'argument': conversion from 'double' to 'float', possible loss of data
C:\Users\victo\OneDrive\Desktop\BP\New folder\Erosion\Erosion\main.cpp(73,53): warning C4244: 'argument': conversion from 'double' to 'float', possible loss of data
C:\Users\victo\OneDrive\Desktop\BP\New folder\Erosion\Erosion\main.cpp(81,50): warning C4244: 'argument': conversion from 'double' to 'float', possible loss of data
C:\Users\victo\OneDrive\Desktop\BP\New folder\Erosion\Erosion\main.cpp(89,52): warning C4244: 'argument': conversion from 'double' to 'float', possible loss of data
C:\Users\victo\OneDrive\Desktop\BP\New folder\Erosion\Erosion\main.cpp(207,28): warning C4244: 'initializing': conversion from 'double' to 'float', possible loss of data
C:\Users\victo\OneDrive\Desktop\BP\New folder\Erosion\Erosion\main.cpp(212,40): warning C4305: 'argument': truncation from 'double' to 'GLclampf'
C:\Users\victo\OneDrive\Desktop\BP\New folder\Erosion\Erosion\main.cpp(303,17): warning C4244: '=': conversion from 'double' to 'float', possible loss of data
C:\Users\victo\OneDrive\Desktop\BP\New folder\Erosion\Erosion\main.cpp(304,17): warning C4244: '=': conversion from 'double' to 'float', possible loss of data
C:\Users\victo\OneDrive\Desktop\BP\New folder\Erosion\Erosion\main.cpp(308,19): warning C4244: 'initializing': conversion from 'double' to 'float', possible loss of data
C:\Users\victo\OneDrive\Desktop\BP\New folder\Erosion\Erosion\main.cpp(309,19): warning C4244: 'initializing': conversion from 'double' to 'float', possible loss of data
C:\Users\victo\OneDrive\Desktop\BP\New folder\Erosion\Erosion\main.cpp(311,13): warning C4244: '=': conversion from 'double' to 'float', possible loss of data
C:\Users\victo\OneDrive\Desktop\BP\New folder\Erosion\Erosion\main.cpp(312,13): warning C4244: '=': conversion from 'double' to 'float', possible loss of data
LINK : warning LNK4098: defaultlib 'MSVCRT' conflicts with use of other libs; use /NODEFAULTLIB:library
  Erosion.vcxproj -> C:\Users\victo\OneDrive\Desktop\BP\New folder\Erosion\Debug\Erosion.exe
