  main.cpp
C:\Users\victor\Desktop\porn\SPH-Erosion\Erosion\shader.h(39,40): warning C4101: 'e': unreferenced local variable
C:\Users\victor\Desktop\porn\SPH-Erosion\Erosion\grid.h(93,14): warning C4244: 'initializing': conversion from '__int64' to 'int', possible loss of data
C:\Users\victor\Desktop\porn\SPH-Erosion\Erosion\grid.h(164,40): warning C4244: 'initializing': conversion from 'T' to 'size_t', possible loss of data
          with
          [
              T=float
          ]
C:\Users\victor\Desktop\porn\SPH-Erosion\Erosion\grid.h(171,18): warning C4244: '=': conversion from 'T' to 'int', possible loss of data
          with
          [
              T=float
          ]
C:\Users\victor\Desktop\porn\SPH-Erosion\Erosion\grid.h(178,26): warning C4244: 'argument': conversion from 'int' to '_Ty', possible loss of data
          with
          [
              _Ty=float
          ]
C:\Users\victor\Desktop\porn\SPH-Erosion\Erosion\grid.h(206,21): warning C4244: 'initializing': conversion from 'T' to 'int', possible loss of data
          with
          [
              T=float
          ]
C:\Users\victor\Desktop\porn\SPH-Erosion\Erosion\grid.h(207,22): warning C4244: 'initializing': conversion from 'T' to 'int', possible loss of data
          with
          [
              T=float
          ]
C:\Users\victor\Desktop\porn\SPH-Erosion\Erosion\grid.h(211,38): warning C4244: 'argument': conversion from 'T' to '_Ty', possible loss of data
          with
          [
              T=float
          ]
          and
          [
              _Ty=unsigned int
          ]
C:\Users\victor\Desktop\porn\SPH-Erosion\Erosion\grid.h(212,38): warning C4244: 'argument': conversion from 'T' to '_Ty', possible loss of data
          with
          [
              T=float
          ]
          and
          [
              _Ty=unsigned int
          ]
C:\Users\victor\Desktop\porn\SPH-Erosion\Erosion\grid.h(213,44): warning C4244: 'argument': conversion from 'T' to '_Ty', possible loss of data
          with
          [
              T=float
          ]
          and
          [
              _Ty=unsigned int
          ]
C:\Users\victor\Desktop\porn\SPH-Erosion\Erosion\grid.h(217,38): warning C4244: 'argument': conversion from 'T' to '_Ty', possible loss of data
          with
          [
              T=float
          ]
          and
          [
              _Ty=unsigned int
          ]
C:\Users\victor\Desktop\porn\SPH-Erosion\Erosion\grid.h(218,38): warning C4244: 'argument': conversion from 'T' to '_Ty', possible loss of data
          with
          [
              T=float
          ]
          and
          [
              _Ty=unsigned int
          ]
C:\Users\victor\Desktop\porn\SPH-Erosion\Erosion\grid.h(219,44): warning C4244: 'argument': conversion from 'T' to '_Ty', possible loss of data
          with
          [
              T=float
          ]
          and
          [
              _Ty=unsigned int
          ]
C:\Users\victor\Desktop\porn\SPH-Erosion\Erosion\grid.h(232,16): warning C4244: 'initializing': conversion from 'double' to 'float', possible loss of data
C:\Users\victor\Desktop\porn\SPH-Erosion\Erosion\grid.h(316,71): warning C4244: 'argument': conversion from 'T' to 'int', possible loss of data
          with
          [
              T=float
          ]
C:\Users\victor\Desktop\porn\SPH-Erosion\Erosion\grid.h(316,57): warning C4244: 'argument': conversion from 'T' to 'int', possible loss of data
          with
          [
              T=float
          ]
C:\Users\victor\Desktop\porn\SPH-Erosion\Erosion\grid.h(317,82): warning C4244: 'argument': conversion from 'T' to 'int', possible loss of data
          with
          [
              T=float
          ]
C:\Users\victor\Desktop\porn\SPH-Erosion\Erosion\grid.h(317,64): warning C4244: 'argument': conversion from 'T' to 'int', possible loss of data
          with
          [
              T=float
          ]
C:\Users\victor\Desktop\porn\SPH-Erosion\Erosion\grid.h(318,79): warning C4244: 'argument': conversion from 'T' to 'int', possible loss of data
          with
          [
              T=float
          ]
C:\Users\victor\Desktop\porn\SPH-Erosion\Erosion\grid.h(318,63): warning C4244: 'argument': conversion from 'T' to 'int', possible loss of data
          with
          [
              T=float
          ]
C:\Users\victor\Desktop\porn\SPH-Erosion\Erosion\grid.h(319,73): warning C4244: 'argument': conversion from 'T' to 'int', possible loss of data
          with
          [
              T=float
          ]
C:\Users\victor\Desktop\porn\SPH-Erosion\Erosion\grid.h(319,57): warning C4244: 'argument': conversion from 'T' to 'int', possible loss of data
          with
          [
              T=float
          ]
C:\Users\victor\Desktop\porn\SPH-Erosion\Erosion\grid.h(934,26): warning C4244: '=': conversion from 'T' to 'int', possible loss of data
          with
          [
              T=float
          ]
C:\Users\victor\Desktop\porn\SPH-Erosion\Erosion\grid.h(1016,1): warning C4267: 'argument': conversion from 'size_t' to 'GLsizei', possible loss of data
C:\Users\victor\Desktop\porn\SPH-Erosion\Erosion\sphere.h(100,1): warning C4267: 'argument': conversion from 'size_t' to 'GLsizei', possible loss of data
C:\Users\victor\Desktop\porn\SPH-Erosion\Erosion\fluid_system.h(68,14): warning C4244: 'initializing': conversion from 'double' to 'float', possible loss of data
C:\Users\victor\Desktop\porn\SPH-Erosion\Erosion\fluid_system.h(69,14): warning C4244: 'initializing': conversion from 'double' to 'float', possible loss of data
C:\Users\victor\Desktop\porn\SPH-Erosion\Erosion\fluid_system.h(70,14): warning C4244: 'initializing': conversion from 'double' to 'float', possible loss of data
C:\Users\victor\Desktop\porn\SPH-Erosion\Erosion\fluid_system.h(93,9): warning C4849: OpenMP 'collapse' clause ignored in 'parallel for' directive
C:\Users\victor\Desktop\porn\SPH-Erosion\Erosion\fluid_system.h(126,9): warning C4849: OpenMP 'collapse' clause ignored in 'parallel for' directive
C:\Users\victor\Desktop\porn\SPH-Erosion\Erosion\fluid_system.h(158,9): warning C4849: OpenMP 'collapse' clause ignored in 'parallel for' directive
C:\Users\victor\Desktop\porn\SPH-Erosion\Erosion\fluid_system.h(252,16): warning C4244: 'initializing': conversion from 'double' to 'float', possible loss of data
C:\Users\victor\Desktop\porn\SPH-Erosion\Erosion\fluid_system.h(256,14): warning C4244: 'initializing': conversion from 'double' to 'float', possible loss of data
C:\Users\victor\Desktop\porn\SPH-Erosion\Erosion\fluid_system.h(257,14): warning C4244: 'initializing': conversion from 'double' to 'float', possible loss of data
C:\Users\victor\Desktop\porn\SPH-Erosion\Erosion\fluid_system.h(258,14): warning C4244: 'initializing': conversion from 'double' to 'float', possible loss of data
C:\Users\victor\Desktop\porn\SPH-Erosion\Erosion\fluid_system.h(342,14): warning C4101: 'fBoundary': unreferenced local variable
C:\Users\victor\Desktop\porn\SPH-Erosion\Erosion\shapes.h(75,1): warning C4267: 'argument': conversion from 'size_t' to 'GLsizei', possible loss of data
C:\Users\victor\Desktop\porn\SPH-Erosion\Erosion\shapes.h(92,35): warning C4244: 'argument': conversion from 'int' to '_Ty', possible loss of data
          with
          [
              _Ty=float
          ]
C:\Users\victor\Desktop\porn\SPH-Erosion\Erosion\shapes.h(96,35): warning C4244: 'argument': conversion from 'int' to '_Ty', possible loss of data
          with
          [
              _Ty=float
          ]
C:\Users\victor\Desktop\porn\SPH-Erosion\Erosion\shapes.h(159,1): warning C4267: 'argument': conversion from 'size_t' to 'GLsizei', possible loss of data
C:\Users\victor\Desktop\porn\SPH-Erosion\Erosion\main.cpp(111,28): warning C4244: 'initializing': conversion from 'double' to 'float', possible loss of data
C:\Users\victor\Desktop\porn\SPH-Erosion\Erosion\main.cpp(116,40): warning C4305: 'argument': truncation from 'double' to 'GLclampf'
C:\Users\victor\Desktop\porn\SPH-Erosion\Erosion\main.cpp(279,17): warning C4244: '=': conversion from 'double' to 'float', possible loss of data
C:\Users\victor\Desktop\porn\SPH-Erosion\Erosion\main.cpp(280,17): warning C4244: '=': conversion from 'double' to 'float', possible loss of data
C:\Users\victor\Desktop\porn\SPH-Erosion\Erosion\main.cpp(284,19): warning C4244: 'initializing': conversion from 'double' to 'float', possible loss of data
C:\Users\victor\Desktop\porn\SPH-Erosion\Erosion\main.cpp(285,19): warning C4244: 'initializing': conversion from 'double' to 'float', possible loss of data
C:\Users\victor\Desktop\porn\SPH-Erosion\Erosion\main.cpp(287,13): warning C4244: '=': conversion from 'double' to 'float', possible loss of data
C:\Users\victor\Desktop\porn\SPH-Erosion\Erosion\main.cpp(288,13): warning C4244: '=': conversion from 'double' to 'float', possible loss of data
C:\Users\victor\Desktop\porn\SPH-Erosion\Erosion\main.cpp(309,55): warning C4244: 'argument': conversion from 'double' to 'float', possible loss of data
C:\Users\victor\Desktop\porn\SPH-Erosion\Erosion\main.cpp(317,56): warning C4244: 'argument': conversion from 'double' to 'float', possible loss of data
C:\Users\victor\Desktop\porn\SPH-Erosion\Erosion\main.cpp(325,52): warning C4244: 'argument': conversion from 'double' to 'float', possible loss of data
C:\Users\victor\Desktop\porn\SPH-Erosion\Erosion\main.cpp(333,53): warning C4244: 'argument': conversion from 'double' to 'float', possible loss of data
C:\Users\victor\Desktop\porn\SPH-Erosion\Erosion\main.cpp(341,50): warning C4244: 'argument': conversion from 'double' to 'float', possible loss of data
C:\Users\victor\Desktop\porn\SPH-Erosion\Erosion\main.cpp(349,52): warning C4244: 'argument': conversion from 'double' to 'float', possible loss of data
C:\Program Files (x86)\Microsoft Visual Studio\2019\Community\VC\Tools\MSVC\14.29.30133\include\memory(3416,56): warning C4244: 'argument': conversion from '_Ty' to 'float', possible loss of data
          with
          [
              _Ty=int
          ]
C:\Users\victor\Desktop\porn\SPH-Erosion\Erosion\fluid_system.h(194): message : see reference to function template instantiation 'std::unique_ptr<Sphere,std::default_delete<Sphere>> std::make_unique<Sphere,int,int,int,glm::vec3,0>(int &&,int &&,int &&,glm::vec3 &&)' being compiled
  Generating code
  7 of 2332 functions ( 0.3%) were compiled, the rest were copied from previous compilation.
    0 functions were new in current compilation
    28 functions had inline decision re-evaluated but remain unchanged
  Finished generating code
  Erosion.vcxproj -> C:\Users\victor\Desktop\porn\SPH-Erosion\x64\Release\Erosion.exe
