  main.cpp
C:\Users\victo\OneDrive\Desktop\BP\New folder\Erosion\Erosion\fluid_system.h(18,34): warning C4244: 'initializing': conversion from 'T' to 'size_t', possible loss of data
          with
          [
              T=float
          ]
C:\Users\victo\OneDrive\Desktop\BP\New folder\Erosion\Erosion\fluid_system.h(38,42): warning C4244: 'initializing': conversion from 'T' to 'size_t', possible loss of data
          with
          [
              T=float
          ]
C:\Users\victo\OneDrive\Desktop\BP\New folder\Erosion\Erosion\fluid_system.h(73,28): warning C4305: 'initializing': truncation from 'double' to 'float'
C:\Users\victo\OneDrive\Desktop\BP\New folder\Erosion\Erosion\fluid_system.h(235,17): warning C4305: 'initializing': truncation from 'double' to 'const float'
C:\Users\victo\OneDrive\Desktop\BP\New folder\Erosion\Erosion\fluid_system.h(237,17): warning C4305: 'initializing': truncation from 'double' to 'const float'
C:\Users\victo\OneDrive\Desktop\BP\New folder\Erosion\Erosion\fluid_system.h(238,16): warning C4305: 'initializing': truncation from 'double' to 'const float'
C:\Users\victo\OneDrive\Desktop\BP\New folder\Erosion\Erosion\fluid_system.h(240,24): warning C4305: 'initializing': truncation from 'double' to 'const float'
C:\Users\victo\OneDrive\Desktop\BP\New folder\Erosion\Erosion\fluid_system.h(350,16): warning C4244: 'initializing': conversion from 'double' to 'float', possible loss of data
C:\Users\victo\OneDrive\Desktop\BP\New folder\Erosion\Erosion\fluid_system.h(361,13): warning C4244: 'initializing': conversion from 'glm::vec<3,float,glm::packed_highp>::length_type' to 'float', possible loss of data
C:\Users\victo\OneDrive\Desktop\BP\New folder\Erosion\Erosion\fluid_system.h(363,45): warning C4244: 'return': conversion from 'double' to 'float', possible loss of data
C:\Users\victo\OneDrive\Desktop\BP\New folder\Erosion\Erosion\fluid_system.h(370,13): warning C4244: 'initializing': conversion from 'glm::vec<3,float,glm::packed_highp>::length_type' to 'float', possible loss of data
C:\Users\victo\OneDrive\Desktop\BP\New folder\Erosion\Erosion\fluid_system.h(376,13): warning C4244: 'initializing': conversion from 'glm::vec<3,float,glm::packed_highp>::length_type' to 'float', possible loss of data
C:\Users\victo\OneDrive\Desktop\BP\New folder\Erosion\Erosion\fluid_system.h(383,13): warning C4244: 'initializing': conversion from 'glm::vec<3,float,glm::packed_highp>::length_type' to 'float', possible loss of data
C:\Users\victo\OneDrive\Desktop\BP\New folder\Erosion\Erosion\fluid_system.h(390,13): warning C4244: 'initializing': conversion from 'glm::vec<3,float,glm::packed_highp>::length_type' to 'float', possible loss of data
C:\Users\victo\OneDrive\Desktop\BP\New folder\Erosion\Erosion\grid.h(93,17): warning C4244: '=': conversion from 'T' to 'int', possible loss of data
          with
          [
              T=float
          ]
C:\Users\victo\OneDrive\Desktop\BP\New folder\Erosion\Erosion\grid.h(94,17): warning C4244: '=': conversion from 'T' to 'int', possible loss of data
          with
          [
              T=float
          ]
C:\Users\victo\OneDrive\Desktop\BP\New folder\Erosion\Erosion\grid.h(95,17): warning C4244: '=': conversion from 'T' to 'int', possible loss of data
          with
          [
              T=float
          ]
C:\Users\victo\OneDrive\Desktop\BP\New folder\Erosion\Erosion\grid.h(167,20): warning C4244: 'initializing': conversion from 'T' to 'int', possible loss of data
          with
          [
              T=float
          ]
C:\Users\victo\OneDrive\Desktop\BP\New folder\Erosion\Erosion\grid.h(168,22): warning C4244: 'initializing': conversion from 'T' to 'int', possible loss of data
          with
          [
              T=float
          ]
C:\Users\victo\OneDrive\Desktop\BP\New folder\Erosion\Erosion\grid.h(172,36): warning C4244: 'argument': conversion from 'T' to '_Ty', possible loss of data
          with
          [
              T=float
          ]
          and
          [
              _Ty=unsigned int
          ]
C:\Users\victo\OneDrive\Desktop\BP\New folder\Erosion\Erosion\grid.h(173,36): warning C4244: 'argument': conversion from 'T' to '_Ty', possible loss of data
          with
          [
              T=float
          ]
          and
          [
              _Ty=unsigned int
          ]
C:\Users\victo\OneDrive\Desktop\BP\New folder\Erosion\Erosion\grid.h(174,40): warning C4244: 'argument': conversion from 'T' to '_Ty', possible loss of data
          with
          [
              T=float
          ]
          and
          [
              _Ty=unsigned int
          ]
C:\Users\victo\OneDrive\Desktop\BP\New folder\Erosion\Erosion\grid.h(178,36): warning C4244: 'argument': conversion from 'T' to '_Ty', possible loss of data
          with
          [
              T=float
          ]
          and
          [
              _Ty=unsigned int
          ]
C:\Users\victo\OneDrive\Desktop\BP\New folder\Erosion\Erosion\grid.h(179,36): warning C4244: 'argument': conversion from 'T' to '_Ty', possible loss of data
          with
          [
              T=float
          ]
          and
          [
              _Ty=unsigned int
          ]
C:\Users\victo\OneDrive\Desktop\BP\New folder\Erosion\Erosion\grid.h(180,42): warning C4244: 'argument': conversion from 'T' to '_Ty', possible loss of data
          with
          [
              T=float
          ]
          and
          [
              _Ty=unsigned int
          ]
C:\Users\victo\OneDrive\Desktop\BP\New folder\Erosion\Erosion\grid.h(297,16): warning C4244: 'initializing': conversion from 'double' to 'float', possible loss of data
C:\Users\victo\OneDrive\Desktop\BP\New folder\Erosion\Erosion\grid.h(320,27): warning C4244: 'initializing': conversion from 'double' to 'float', possible loss of data
C:\Users\victo\OneDrive\Desktop\BP\New folder\Erosion\Erosion\grid.h(321,31): warning C4244: 'initializing': conversion from 'double' to 'float', possible loss of data
C:\Users\victo\OneDrive\Desktop\BP\New folder\Erosion\Erosion\grid.h(326,13): warning C4244: 'initializing': conversion from 'double' to 'float', possible loss of data
C:\Users\victo\OneDrive\Desktop\BP\New folder\Erosion\Erosion\grid.h(346,27): warning C4244: 'initializing': conversion from 'double' to 'float', possible loss of data
C:\Users\victo\OneDrive\Desktop\BP\New folder\Erosion\Erosion\grid.h(347,31): warning C4244: 'initializing': conversion from 'double' to 'float', possible loss of data
C:\Users\victo\OneDrive\Desktop\BP\New folder\Erosion\Erosion\grid.h(351,13): warning C4244: 'initializing': conversion from 'double' to 'float', possible loss of data
C:\Users\victo\OneDrive\Desktop\BP\New folder\Erosion\Erosion\shader.h(42,40): warning C4101: 'e': unreferenced local variable
C:\Users\victo\OneDrive\Desktop\BP\New folder\Erosion\Erosion\sphere.h(90,1): warning C4267: 'argument': conversion from 'size_t' to 'GLsizei', possible loss of data
C:\Users\victo\OneDrive\Desktop\BP\New folder\Erosion\Erosion\main.cpp(169,28): warning C4244: 'initializing': conversion from 'double' to 'float', possible loss of data
C:\Users\victo\OneDrive\Desktop\BP\New folder\Erosion\Erosion\main.cpp(174,40): warning C4305: 'argument': truncation from 'double' to 'GLclampf'
C:\Users\victo\OneDrive\Desktop\BP\New folder\Erosion\Erosion\main.cpp(320,17): warning C4244: '=': conversion from 'double' to 'float', possible loss of data
C:\Users\victo\OneDrive\Desktop\BP\New folder\Erosion\Erosion\main.cpp(321,17): warning C4244: '=': conversion from 'double' to 'float', possible loss of data
C:\Users\victo\OneDrive\Desktop\BP\New folder\Erosion\Erosion\main.cpp(325,19): warning C4244: 'initializing': conversion from 'double' to 'float', possible loss of data
C:\Users\victo\OneDrive\Desktop\BP\New folder\Erosion\Erosion\main.cpp(326,19): warning C4244: 'initializing': conversion from 'double' to 'float', possible loss of data
C:\Users\victo\OneDrive\Desktop\BP\New folder\Erosion\Erosion\main.cpp(328,13): warning C4244: '=': conversion from 'double' to 'float', possible loss of data
C:\Users\victo\OneDrive\Desktop\BP\New folder\Erosion\Erosion\main.cpp(329,13): warning C4244: '=': conversion from 'double' to 'float', possible loss of data
C:\Users\victo\OneDrive\Desktop\BP\New folder\Erosion\Erosion\main.cpp(348,55): warning C4244: 'argument': conversion from 'double' to 'float', possible loss of data
C:\Users\victo\OneDrive\Desktop\BP\New folder\Erosion\Erosion\main.cpp(356,56): warning C4244: 'argument': conversion from 'double' to 'float', possible loss of data
C:\Users\victo\OneDrive\Desktop\BP\New folder\Erosion\Erosion\main.cpp(364,52): warning C4244: 'argument': conversion from 'double' to 'float', possible loss of data
C:\Users\victo\OneDrive\Desktop\BP\New folder\Erosion\Erosion\main.cpp(372,53): warning C4244: 'argument': conversion from 'double' to 'float', possible loss of data
C:\Users\victo\OneDrive\Desktop\BP\New folder\Erosion\Erosion\main.cpp(380,50): warning C4244: 'argument': conversion from 'double' to 'float', possible loss of data
C:\Users\victo\OneDrive\Desktop\BP\New folder\Erosion\Erosion\main.cpp(388,52): warning C4244: 'argument': conversion from 'double' to 'float', possible loss of data
  Erosion.vcxproj -> C:\Users\victo\OneDrive\Desktop\BP\New folder\Erosion\x64\Debug\Erosion.exe
